<?xml version="1.0" encoding="UTF-8"?>
<testng-results ignored="0" total="6" passed="6" failed="0" skipped="0">
  <reporter-output>
  </reporter-output>
  <suite started-at="2024-08-04T21:08:38 GMT-04:00" name="Default suite" finished-at="2024-08-04T21:09:00 GMT-04:00" duration-ms="21963">
    <groups>
      <group name="cucumber">
        <method signature="AbstractTestNGCucumberTests.runScenario(io.cucumber.testng.PickleWrapper,io.cucumber.testng.FeatureWrapper)[pri:0, instance:Runner.TestRunner@305b7c14]" name="runScenario" class="io.cucumber.testng.AbstractTestNGCucumberTests"/>
      </group> <!-- cucumber -->
    </groups>
    <test started-at="2024-08-04T21:08:38 GMT-04:00" name="Default test" finished-at="2024-08-04T21:09:00 GMT-04:00" duration-ms="21963">
      <class name="Runner.TestRunner">
        <test-method is-config="true" signature="setUpClass(org.testng.ITestContext)[pri:0, instance:Runner.TestRunner@305b7c14]" started-at="2024-08-04T21:08:38 GMT-04:00" name="setUpClass" finished-at="2024-08-04T21:08:39 GMT-04:00" duration-ms="752" status="PASS">
          <params>
            <param index="0">
              <value>
                <![CDATA[org.testng.TestRunner@5edc70ed]]>
              </value>
            </param>
          </params>
          <reporter-output>
          </reporter-output>
        </test-method> <!-- setUpClass -->
        <test-method is-config="true" signature="getDriver()[pri:0, instance:Runner.TestRunner@305b7c14]" started-at="2024-08-04T21:08:39 GMT-04:00" name="getDriver" finished-at="2024-08-04T21:08:40 GMT-04:00" duration-ms="1958" status="PASS">
          <reporter-output>
          </reporter-output>
        </test-method> <!-- getDriver -->
        <test-method signature="runScenario(io.cucumber.testng.PickleWrapper,io.cucumber.testng.FeatureWrapper)[pri:0, instance:Runner.TestRunner@305b7c14]" started-at="2024-08-04T21:08:40 GMT-04:00" name="runScenario" description="Runs Cucumber Scenarios" data-provider="scenarios" finished-at="2024-08-04T21:08:43 GMT-04:00" duration-ms="2033" status="PASS">
          <params>
            <param index="0">
              <value>
                <![CDATA["Access DataStructures Page"]]>
              </value>
            </param>
            <param index="1">
              <value>
                <![CDATA["DSAlgo Page Navigation"]]>
              </value>
            </param>
          </params>
          <reporter-output>
          </reporter-output>
        </test-method> <!-- runScenario -->
        <test-method signature="runScenario(io.cucumber.testng.PickleWrapper,io.cucumber.testng.FeatureWrapper)[pri:0, instance:Runner.TestRunner@305b7c14]" started-at="2024-08-04T21:08:43 GMT-04:00" name="runScenario" description="Runs Cucumber Scenarios" data-provider="scenarios" finished-at="2024-08-04T21:08:47 GMT-04:00" duration-ms="4403" status="PASS">
          <params>
            <param index="0">
              <value>
                <![CDATA["Access Array Page"]]>
              </value>
            </param>
            <param index="1">
              <value>
                <![CDATA["DSAlgo Page Navigation"]]>
              </value>
            </param>
          </params>
          <reporter-output>
          </reporter-output>
        </test-method> <!-- runScenario -->
        <test-method signature="runScenario(io.cucumber.testng.PickleWrapper,io.cucumber.testng.FeatureWrapper)[pri:0, instance:Runner.TestRunner@305b7c14]" started-at="2024-08-04T21:08:47 GMT-04:00" name="runScenario" description="Runs Cucumber Scenarios" data-provider="scenarios" finished-at="2024-08-04T21:08:50 GMT-04:00" duration-ms="2724" status="PASS">
          <params>
            <param index="0">
              <value>
                <![CDATA["Access Linked List Page"]]>
              </value>
            </param>
            <param index="1">
              <value>
                <![CDATA["DSAlgo Page Navigation"]]>
              </value>
            </param>
          </params>
          <reporter-output>
          </reporter-output>
        </test-method> <!-- runScenario -->
        <test-method signature="runScenario(io.cucumber.testng.PickleWrapper,io.cucumber.testng.FeatureWrapper)[pri:0, instance:Runner.TestRunner@305b7c14]" started-at="2024-08-04T21:08:50 GMT-04:00" name="runScenario" description="Runs Cucumber Scenarios" data-provider="scenarios" finished-at="2024-08-04T21:08:54 GMT-04:00" duration-ms="4681" status="PASS">
          <params>
            <param index="0">
              <value>
                <![CDATA["Access DataStructures Page"]]>
              </value>
            </param>
            <param index="1">
              <value>
                <![CDATA["DataStructures Page Navigation"]]>
              </value>
            </param>
          </params>
          <reporter-output>
          </reporter-output>
        </test-method> <!-- runScenario -->
        <test-method signature="runScenario(io.cucumber.testng.PickleWrapper,io.cucumber.testng.FeatureWrapper)[pri:0, instance:Runner.TestRunner@305b7c14]" started-at="2024-08-04T21:08:54 GMT-04:00" name="runScenario" description="Runs Cucumber Scenarios" data-provider="scenarios" finished-at="2024-08-04T21:08:57 GMT-04:00" duration-ms="2655" status="PASS">
          <params>
            <param index="0">
              <value>
                <![CDATA["Login to DsAlgo Application"]]>
              </value>
            </param>
            <param index="1">
              <value>
                <![CDATA["DSAlgo Login"]]>
              </value>
            </param>
          </params>
          <reporter-output>
          </reporter-output>
        </test-method> <!-- runScenario -->
        <test-method signature="runScenario(io.cucumber.testng.PickleWrapper,io.cucumber.testng.FeatureWrapper)[pri:0, instance:Runner.TestRunner@305b7c14]" started-at="2024-08-04T21:08:57 GMT-04:00" name="runScenario" description="Runs Cucumber Scenarios" data-provider="scenarios" finished-at="2024-08-04T21:09:00 GMT-04:00" duration-ms="2690" status="PASS">
          <params>
            <param index="0">
              <value>
                <![CDATA["SignOut of DsAlgo Application"]]>
              </value>
            </param>
            <param index="1">
              <value>
                <![CDATA["DSAlgo SignOut"]]>
              </value>
            </param>
          </params>
          <reporter-output>
          </reporter-output>
        </test-method> <!-- runScenario -->
        <test-method is-config="true" signature="tearDownClass()[pri:0, instance:Runner.TestRunner@305b7c14]" started-at="2024-08-04T21:09:00 GMT-04:00" name="tearDownClass" finished-at="2024-08-04T21:09:00 GMT-04:00" duration-ms="14" status="PASS">
          <reporter-output>
          </reporter-output>
        </test-method> <!-- tearDownClass -->
        <test-method is-config="true" signature="quitDriver()[pri:0, instance:Runner.TestRunner@305b7c14]" started-at="2024-08-04T21:09:00 GMT-04:00" name="quitDriver" finished-at="2024-08-04T21:09:00 GMT-04:00" duration-ms="0" status="PASS">
          <reporter-output>
          </reporter-output>
        </test-method> <!-- quitDriver -->
      </class> <!-- Runner.TestRunner -->
    </test> <!-- Default test -->
  </suite> <!-- Default suite -->
</testng-results>
