<?xml version="1.0" encoding="UTF-8"?>
<testng-results ignored="0" total="6" passed="6" failed="0" skipped="0">
  <reporter-output>
  </reporter-output>
  <suite started-at="2024-08-04T20:37:54 GMT-04:00" name="Default suite" finished-at="2024-08-04T20:38:18 GMT-04:00" duration-ms="23879">
    <groups>
      <group name="cucumber">
        <method signature="AbstractTestNGCucumberTests.runScenario(io.cucumber.testng.PickleWrapper,io.cucumber.testng.FeatureWrapper)[pri:0, instance:Runner.TestRunner@17f7cd29]" name="runScenario" class="io.cucumber.testng.AbstractTestNGCucumberTests"/>
      </group> <!-- cucumber -->
    </groups>
    <test started-at="2024-08-04T20:37:54 GMT-04:00" name="Default test" finished-at="2024-08-04T20:38:18 GMT-04:00" duration-ms="23879">
      <class name="Runner.TestRunner">
        <test-method is-config="true" signature="setUpClass(org.testng.ITestContext)[pri:0, instance:Runner.TestRunner@17f7cd29]" started-at="2024-08-04T20:37:54 GMT-04:00" name="setUpClass" finished-at="2024-08-04T20:37:55 GMT-04:00" duration-ms="633" status="PASS">
          <params>
            <param index="0">
              <value>
                <![CDATA[org.testng.TestRunner@516462cc]]>
              </value>
            </param>
          </params>
          <reporter-output>
          </reporter-output>
        </test-method> <!-- setUpClass -->
        <test-method is-config="true" signature="getDriver()[pri:0, instance:Runner.TestRunner@17f7cd29]" started-at="2024-08-04T20:37:55 GMT-04:00" name="getDriver" finished-at="2024-08-04T20:37:56 GMT-04:00" duration-ms="1604" status="PASS">
          <reporter-output>
          </reporter-output>
        </test-method> <!-- getDriver -->
        <test-method signature="runScenario(io.cucumber.testng.PickleWrapper,io.cucumber.testng.FeatureWrapper)[pri:0, instance:Runner.TestRunner@17f7cd29]" started-at="2024-08-04T20:37:56 GMT-04:00" name="runScenario" description="Runs Cucumber Scenarios" data-provider="scenarios" finished-at="2024-08-04T20:37:58 GMT-04:00" duration-ms="2124" status="PASS">
          <params>
            <param index="0">
              <value>
                <![CDATA["Access DataStructures Page"]]>
              </value>
            </param>
            <param index="1">
              <value>
                <![CDATA["DSAlgo Page Navigation"]]>
              </value>
            </param>
          </params>
          <reporter-output>
          </reporter-output>
        </test-method> <!-- runScenario -->
        <test-method signature="runScenario(io.cucumber.testng.PickleWrapper,io.cucumber.testng.FeatureWrapper)[pri:0, instance:Runner.TestRunner@17f7cd29]" started-at="2024-08-04T20:37:58 GMT-04:00" name="runScenario" description="Runs Cucumber Scenarios" data-provider="scenarios" finished-at="2024-08-04T20:38:03 GMT-04:00" duration-ms="4847" status="PASS">
          <params>
            <param index="0">
              <value>
                <![CDATA["Access Array Page"]]>
              </value>
            </param>
            <param index="1">
              <value>
                <![CDATA["DSAlgo Page Navigation"]]>
              </value>
            </param>
          </params>
          <reporter-output>
          </reporter-output>
        </test-method> <!-- runScenario -->
        <test-method signature="runScenario(io.cucumber.testng.PickleWrapper,io.cucumber.testng.FeatureWrapper)[pri:0, instance:Runner.TestRunner@17f7cd29]" started-at="2024-08-04T20:38:03 GMT-04:00" name="runScenario" description="Runs Cucumber Scenarios" data-provider="scenarios" finished-at="2024-08-04T20:38:06 GMT-04:00" duration-ms="2837" status="PASS">
          <params>
            <param index="0">
              <value>
                <![CDATA["Access Linked List Page"]]>
              </value>
            </param>
            <param index="1">
              <value>
                <![CDATA["DSAlgo Page Navigation"]]>
              </value>
            </param>
          </params>
          <reporter-output>
          </reporter-output>
        </test-method> <!-- runScenario -->
        <test-method signature="runScenario(io.cucumber.testng.PickleWrapper,io.cucumber.testng.FeatureWrapper)[pri:0, instance:Runner.TestRunner@17f7cd29]" started-at="2024-08-04T20:38:06 GMT-04:00" name="runScenario" description="Runs Cucumber Scenarios" data-provider="scenarios" finished-at="2024-08-04T20:38:12 GMT-04:00" duration-ms="6152" status="PASS">
          <params>
            <param index="0">
              <value>
                <![CDATA["Access DataStructures Page"]]>
              </value>
            </param>
            <param index="1">
              <value>
                <![CDATA["DataStructures Page Navigation"]]>
              </value>
            </param>
          </params>
          <reporter-output>
          </reporter-output>
        </test-method> <!-- runScenario -->
        <test-method signature="runScenario(io.cucumber.testng.PickleWrapper,io.cucumber.testng.FeatureWrapper)[pri:0, instance:Runner.TestRunner@17f7cd29]" started-at="2024-08-04T20:38:12 GMT-04:00" name="runScenario" description="Runs Cucumber Scenarios" data-provider="scenarios" finished-at="2024-08-04T20:38:15 GMT-04:00" duration-ms="2679" status="PASS">
          <params>
            <param index="0">
              <value>
                <![CDATA["Login to DsAlgo Application"]]>
              </value>
            </param>
            <param index="1">
              <value>
                <![CDATA["DSAlgo Login"]]>
              </value>
            </param>
          </params>
          <reporter-output>
          </reporter-output>
        </test-method> <!-- runScenario -->
        <test-method signature="runScenario(io.cucumber.testng.PickleWrapper,io.cucumber.testng.FeatureWrapper)[pri:0, instance:Runner.TestRunner@17f7cd29]" started-at="2024-08-04T20:38:15 GMT-04:00" name="runScenario" description="Runs Cucumber Scenarios" data-provider="scenarios" finished-at="2024-08-04T20:38:18 GMT-04:00" duration-ms="2896" status="PASS">
          <params>
            <param index="0">
              <value>
                <![CDATA["SignOut of DsAlgo Application"]]>
              </value>
            </param>
            <param index="1">
              <value>
                <![CDATA["DSAlgo SignOut"]]>
              </value>
            </param>
          </params>
          <reporter-output>
          </reporter-output>
        </test-method> <!-- runScenario -->
        <test-method is-config="true" signature="quitDriver()[pri:0, instance:Runner.TestRunner@17f7cd29]" started-at="2024-08-04T20:38:18 GMT-04:00" name="quitDriver" finished-at="2024-08-04T20:38:18 GMT-04:00" duration-ms="5" status="PASS">
          <reporter-output>
          </reporter-output>
        </test-method> <!-- quitDriver -->
        <test-method is-config="true" signature="tearDownClass()[pri:0, instance:Runner.TestRunner@17f7cd29]" started-at="2024-08-04T20:38:18 GMT-04:00" name="tearDownClass" finished-at="2024-08-04T20:38:18 GMT-04:00" duration-ms="32" status="PASS">
          <reporter-output>
          </reporter-output>
        </test-method> <!-- tearDownClass -->
      </class> <!-- Runner.TestRunner -->
    </test> <!-- Default test -->
  </suite> <!-- Default suite -->
</testng-results>
