<?xml version="1.0" encoding="UTF-8"?>
<testng-results ignored="0" total="2" passed="2" failed="0" skipped="0">
  <reporter-output>
  </reporter-output>
  <suite started-at="2024-08-03T09:02:29 CDT" name="Default suite" finished-at="2024-08-03T09:02:51 CDT" duration-ms="22140">
    <groups>
      <group name="cucumber">
        <method signature="AbstractTestNGCucumberTests.runScenario(io.cucumber.testng.PickleWrapper,io.cucumber.testng.FeatureWrapper)[pri:0, instance:TestRunner.MyTestRunner@37ceb1df]" name="runScenario" class="io.cucumber.testng.AbstractTestNGCucumberTests"/>
      </group> <!-- cucumber -->
    </groups>
    <test started-at="2024-08-03T09:02:29 CDT" name="Default test" finished-at="2024-08-03T09:02:51 CDT" duration-ms="22140">
      <class name="TestRunner.MyTestRunner">
        <test-method is-config="true" signature="setUpClass(org.testng.ITestContext)[pri:0, instance:TestRunner.MyTestRunner@37ceb1df]" started-at="2024-08-03T09:02:29 CDT" name="setUpClass" finished-at="2024-08-03T09:02:30 CDT" duration-ms="1032" status="PASS">
          <params>
            <param index="0">
              <value>
                <![CDATA[org.testng.TestRunner@76f881d9]]>
              </value>
            </param>
          </params>
          <reporter-output>
          </reporter-output>
        </test-method> <!-- setUpClass -->
        <test-method signature="runScenario(io.cucumber.testng.PickleWrapper,io.cucumber.testng.FeatureWrapper)[pri:0, instance:TestRunner.MyTestRunner@37ceb1df]" started-at="2024-08-03T09:02:30 CDT" name="runScenario" description="Runs Cucumber Scenarios" data-provider="scenarios" finished-at="2024-08-03T09:02:42 CDT" duration-ms="11859" status="PASS">
          <params>
            <param index="0">
              <value>
                <![CDATA["Verify "Operations in Stack" Link in Stack page"]]>
              </value>
            </param>
            <param index="1">
              <value>
                <![CDATA["Stack page"]]>
              </value>
            </param>
          </params>
          <reporter-output>
          </reporter-output>
        </test-method> <!-- runScenario -->
        <test-method signature="runScenario(io.cucumber.testng.PickleWrapper,io.cucumber.testng.FeatureWrapper)[pri:0, instance:TestRunner.MyTestRunner@37ceb1df]" started-at="2024-08-03T09:02:42 CDT" name="runScenario" description="Runs Cucumber Scenarios" data-provider="scenarios" finished-at="2024-08-03T09:02:51 CDT" duration-ms="8985" status="PASS">
          <params>
            <param index="0">
              <value>
                <![CDATA["Verify "Operations in Stack" Link in Stack page"]]>
              </value>
            </param>
            <param index="1">
              <value>
                <![CDATA["Stack page"]]>
              </value>
            </param>
          </params>
          <reporter-output>
          </reporter-output>
        </test-method> <!-- runScenario -->
        <test-method is-config="true" signature="tearDownClass()[pri:0, instance:TestRunner.MyTestRunner@37ceb1df]" started-at="2024-08-03T09:02:51 CDT" name="tearDownClass" finished-at="2024-08-03T09:02:51 CDT" duration-ms="190" status="PASS">
          <reporter-output>
          </reporter-output>
        </test-method> <!-- tearDownClass -->
      </class> <!-- TestRunner.MyTestRunner -->
    </test> <!-- Default test -->
  </suite> <!-- Default suite -->
</testng-results>
