<?xml version="1.0" encoding="UTF-8"?>
<!-- Generated by org.testng.reporters.JUnitXMLReporter -->
<testsuite ignored="2" hostname="Chaya" failures="0" tests="4" name="OrangeHRMLogin" time="17.847" errors="0" timestamp="2024-07-18T17:03:02 EDT">
  <testcase classname="com.practice.Testng.orangeHrm" name="launchApp" time="2.76"/>
  <testcase classname="com.practice.Testng.orangeHrm" name="login" time="4.543"/>
  <testcase classname="com.practice.Testng.orangeHrm" name="verifyLogin" time="2.047"/>
  <testcase classname="com.practice.Testng.orangeHrm" name="logout" time="8.417"/>
  <testcase classname="com.practice.Testng.orangeHrm" name="verifyMyInfo" time="0.0">
    <ignored/>
  </testcase> <!-- verifyMyInfo -->
  <testcase classname="com.practice.Testng.orangeHrm" name="navigateToMyInfo" time="0.0">
    <ignored/>
  </testcase> <!-- navigateToMyInfo -->
</testsuite> <!-- OrangeHRMLogin -->
