<?xml version="1.0" encoding="UTF-8"?>
<!-- Generated by org.testng.reporters.JUnitXMLReporter -->
<testsuite ignored="1" hostname="Chaya" failures="0" tests="5" name="OrangeHRMMyInfo" time="24.729" errors="0" timestamp="2024-07-18T17:03:26 EDT">
  <testcase classname="com.practice.Testng.orangeHrm" name="launchApp" time="4.413"/>
  <testcase classname="com.practice.Testng.orangeHrm" name="login" time="4.852"/>
  <testcase classname="com.practice.Testng.orangeHrm" name="navigateToMyInfo" time="3.964"/>
  <testcase classname="com.practice.Testng.orangeHrm" name="verifyMyInfo" time="3.104"/>
  <testcase classname="com.practice.Testng.orangeHrm" name="logout" time="8.364"/>
  <testcase classname="com.practice.Testng.orangeHrm" name="verifyLogin" time="0.0">
    <ignored/>
  </testcase> <!-- verifyLogin -->
</testsuite> <!-- OrangeHRMMyInfo -->
